<?xml version="1.0" encoding="UTF-8"?>
<robot generator="Robot 3.1.2 (Python 3.6.2 on win32)" generated="20190914 00:09:16.617" rpa="false">
<suite id="s1" name="TC21 Data Driven" source="E:\Pycharm_Projects\Robot\Test_Cases\TC21_Data_Driven.robot">
<kw name="Open my Browser" library="login_resources" type="setup">
<kw name="Open Browser" library="SeleniumLibrary">
<doc>Opens a new browser instance to the given ``url``.</doc>
<arguments>
<arg>${url}</arg>
<arg>${browser}</arg>
</arguments>
<msg timestamp="20190914 00:09:18.061" level="INFO">Opening browser 'Chrome' to base url 'https://admin-demo.nopcommerce.com'.</msg>
<status status="PASS" starttime="20190914 00:09:18.061" endtime="20190914 00:09:26.840"></status>
</kw>
<kw name="Maximize Browser Window" library="SeleniumLibrary">
<doc>Maximizes current browser window.</doc>
<status status="PASS" starttime="20190914 00:09:26.841" endtime="20190914 00:09:28.012"></status>
</kw>
<status status="PASS" starttime="20190914 00:09:18.061" endtime="20190914 00:09:28.012"></status>
</kw>
<test id="s1-t1" name="LoginTestwithExcel using">
<kw name="Invalid login">
<arguments>
<arg>badmin@yourstore.com</arg>
<arg>adm</arg>
</arguments>
<kw name="Input username" library="login_resources">
<arguments>
<arg>${username}</arg>
</arguments>
<kw name="Input Text" library="SeleniumLibrary">
<doc>Types the given ``text`` into text field identified by ``locator``.</doc>
<arguments>
<arg>id:Email</arg>
<arg>${username}</arg>
</arguments>
<msg timestamp="20190914 00:09:28.012" level="INFO">Typing text 'badmin@yourstore.com' into text field 'id:Email'.</msg>
<status status="PASS" starttime="20190914 00:09:28.012" endtime="20190914 00:09:28.219"></status>
</kw>
<status status="PASS" starttime="20190914 00:09:28.012" endtime="20190914 00:09:28.220"></status>
</kw>
<kw name="Input pwd" library="login_resources">
<arguments>
<arg>${password}</arg>
</arguments>
<kw name="Input Text" library="SeleniumLibrary">
<doc>Types the given ``text`` into text field identified by ``locator``.</doc>
<arguments>
<arg>id:Password</arg>
<arg>${password}</arg>
</arguments>
<msg timestamp="20190914 00:09:28.221" level="INFO">Typing text 'adm' into text field 'id:Password'.</msg>
<status status="PASS" starttime="20190914 00:09:28.220" endtime="20190914 00:09:28.345"></status>
</kw>
<status status="PASS" starttime="20190914 00:09:28.220" endtime="20190914 00:09:28.345"></status>
</kw>
<kw name="click login button" library="login_resources">
<kw name="Click Element" library="SeleniumLibrary">
<doc>Click element identified by ``locator``.</doc>
<arguments>
<arg>xpath://input[@class='button-1 login-button']</arg>
</arguments>
<msg timestamp="20190914 00:09:28.346" level="INFO">Clicking element 'xpath://input[@class='button-1 login-button']'.</msg>
<status status="PASS" starttime="20190914 00:09:28.345" endtime="20190914 00:09:30.195"></status>
</kw>
<status status="PASS" starttime="20190914 00:09:28.345" endtime="20190914 00:09:30.195"></status>
</kw>
<kw name="Error message should be visible" library="login_resources">
<kw name="Page Should Contain" library="SeleniumLibrary">
<doc>Verifies that current page contains ``text``.</doc>
<arguments>
<arg>Login was unsuccessful</arg>
</arguments>
<msg timestamp="20190914 00:09:30.231" level="INFO">Current page contains text 'Login was unsuccessful'.</msg>
<status status="PASS" starttime="20190914 00:09:30.197" endtime="20190914 00:09:30.231"></status>
</kw>
<status status="PASS" starttime="20190914 00:09:30.196" endtime="20190914 00:09:30.231"></status>
</kw>
<status status="PASS" starttime="20190914 00:09:28.012" endtime="20190914 00:09:30.231"></status>
</kw>
<status status="PASS" starttime="20190914 00:09:28.012" endtime="20190914 00:09:30.231" critical="yes"></status>
</test>
<test id="s1-t2" name="LoginTestwithExcel using">
<kw name="Invalid login">
<arguments>
<arg>sanyn@yourstore.com</arg>
<arg>admin</arg>
</arguments>
<kw name="Input username" library="login_resources">
<arguments>
<arg>${username}</arg>
</arguments>
<kw name="Input Text" library="SeleniumLibrary">
<doc>Types the given ``text`` into text field identified by ``locator``.</doc>
<arguments>
<arg>id:Email</arg>
<arg>${username}</arg>
</arguments>
<msg timestamp="20190914 00:09:30.231" level="INFO">Typing text 'sanyn@yourstore.com' into text field 'id:Email'.</msg>
<status status="PASS" starttime="20190914 00:09:30.231" endtime="20190914 00:09:30.419"></status>
</kw>
<status status="PASS" starttime="20190914 00:09:30.231" endtime="20190914 00:09:30.419"></status>
</kw>
<kw name="Input pwd" library="login_resources">
<arguments>
<arg>${password}</arg>
</arguments>
<kw name="Input Text" library="SeleniumLibrary">
<doc>Types the given ``text`` into text field identified by ``locator``.</doc>
<arguments>
<arg>id:Password</arg>
<arg>${password}</arg>
</arguments>
<msg timestamp="20190914 00:09:30.421" level="INFO">Typing text 'admin' into text field 'id:Password'.</msg>
<status status="PASS" starttime="20190914 00:09:30.421" endtime="20190914 00:09:30.554"></status>
</kw>
<status status="PASS" starttime="20190914 00:09:30.419" endtime="20190914 00:09:30.554"></status>
</kw>
<kw name="click login button" library="login_resources">
<kw name="Click Element" library="SeleniumLibrary">
<doc>Click element identified by ``locator``.</doc>
<arguments>
<arg>xpath://input[@class='button-1 login-button']</arg>
</arguments>
<msg timestamp="20190914 00:09:30.555" level="INFO">Clicking element 'xpath://input[@class='button-1 login-button']'.</msg>
<status status="PASS" starttime="20190914 00:09:30.555" endtime="20190914 00:09:31.193"></status>
</kw>
<status status="PASS" starttime="20190914 00:09:30.554" endtime="20190914 00:09:31.193"></status>
</kw>
<kw name="Error message should be visible" library="login_resources">
<kw name="Page Should Contain" library="SeleniumLibrary">
<doc>Verifies that current page contains ``text``.</doc>
<arguments>
<arg>Login was unsuccessful</arg>
</arguments>
<msg timestamp="20190914 00:09:31.270" level="INFO">Current page contains text 'Login was unsuccessful'.</msg>
<status status="PASS" starttime="20190914 00:09:31.194" endtime="20190914 00:09:31.270"></status>
</kw>
<status status="PASS" starttime="20190914 00:09:31.193" endtime="20190914 00:09:31.271"></status>
</kw>
<status status="PASS" starttime="20190914 00:09:30.231" endtime="20190914 00:09:31.271"></status>
</kw>
<status status="PASS" starttime="20190914 00:09:30.231" endtime="20190914 00:09:31.272" critical="yes"></status>
</test>
<test id="s1-t3" name="LoginTestwithExcel using">
<kw name="Invalid login">
<arguments>
<arg>adm@yourstore.com</arg>
<arg>adm</arg>
</arguments>
<kw name="Input username" library="login_resources">
<arguments>
<arg>${username}</arg>
</arguments>
<kw name="Input Text" library="SeleniumLibrary">
<doc>Types the given ``text`` into text field identified by ``locator``.</doc>
<arguments>
<arg>id:Email</arg>
<arg>${username}</arg>
</arguments>
<msg timestamp="20190914 00:09:31.279" level="INFO">Typing text 'adm@yourstore.com' into text field 'id:Email'.</msg>
<status status="PASS" starttime="20190914 00:09:31.278" endtime="20190914 00:09:31.478"></status>
</kw>
<status status="PASS" starttime="20190914 00:09:31.277" endtime="20190914 00:09:31.478"></status>
</kw>
<kw name="Input pwd" library="login_resources">
<arguments>
<arg>${password}</arg>
</arguments>
<kw name="Input Text" library="SeleniumLibrary">
<doc>Types the given ``text`` into text field identified by ``locator``.</doc>
<arguments>
<arg>id:Password</arg>
<arg>${password}</arg>
</arguments>
<msg timestamp="20190914 00:09:31.480" level="INFO">Typing text 'adm' into text field 'id:Password'.</msg>
<status status="PASS" starttime="20190914 00:09:31.480" endtime="20190914 00:09:31.640"></status>
</kw>
<status status="PASS" starttime="20190914 00:09:31.479" endtime="20190914 00:09:31.641"></status>
</kw>
<kw name="click login button" library="login_resources">
<kw name="Click Element" library="SeleniumLibrary">
<doc>Click element identified by ``locator``.</doc>
<arguments>
<arg>xpath://input[@class='button-1 login-button']</arg>
</arguments>
<msg timestamp="20190914 00:09:31.642" level="INFO">Clicking element 'xpath://input[@class='button-1 login-button']'.</msg>
<status status="PASS" starttime="20190914 00:09:31.641" endtime="20190914 00:09:32.385"></status>
</kw>
<status status="PASS" starttime="20190914 00:09:31.641" endtime="20190914 00:09:32.386"></status>
</kw>
<kw name="Error message should be visible" library="login_resources">
<kw name="Page Should Contain" library="SeleniumLibrary">
<doc>Verifies that current page contains ``text``.</doc>
<arguments>
<arg>Login was unsuccessful</arg>
</arguments>
<msg timestamp="20190914 00:09:32.420" level="INFO">Current page contains text 'Login was unsuccessful'.</msg>
<status status="PASS" starttime="20190914 00:09:32.388" endtime="20190914 00:09:32.420"></status>
</kw>
<status status="PASS" starttime="20190914 00:09:32.386" endtime="20190914 00:09:32.420"></status>
</kw>
<status status="PASS" starttime="20190914 00:09:31.276" endtime="20190914 00:09:32.420"></status>
</kw>
<status status="PASS" starttime="20190914 00:09:31.274" endtime="20190914 00:09:32.421" critical="yes"></status>
</test>
<kw name="Close Browser" library="login_resources" type="teardown">
<kw name="Close All Browsers" library="SeleniumLibrary">
<doc>Closes all open browsers and resets the browser cache.</doc>
<status status="PASS" starttime="20190914 00:09:32.424" endtime="20190914 00:09:35.614"></status>
</kw>
<status status="PASS" starttime="20190914 00:09:32.424" endtime="20190914 00:09:35.614"></status>
</kw>
<status status="PASS" starttime="20190914 00:09:16.617" endtime="20190914 00:09:35.614"></status>
</suite>
<statistics>
<total>
<stat pass="3" fail="0">Critical Tests</stat>
<stat pass="3" fail="0">All Tests</stat>
</total>
<tag>
</tag>
<suite>
<stat pass="3" fail="0" id="s1" name="TC21 Data Driven">TC21 Data Driven</stat>
</suite>
</statistics>
<errors>
<msg timestamp="20190914 00:09:30.231" level="WARN">Multiple test cases with name 'LoginTestwithExcel using' executed in test suite 'TC21 Data Driven'.</msg>
<msg timestamp="20190914 00:09:31.274" level="WARN">Multiple test cases with name 'LoginTestwithExcel using' executed in test suite 'TC21 Data Driven'.</msg>
</errors>
</robot>
